\BOOKMARK [1][-]{section.1}{\376\377\000I\000n\000t\000r\000o\000d\000u\000c\000t\000i\000o\000n}{}% 1
\BOOKMARK [1][-]{section.2}{\376\377\000L\000i\000t\000e\000r\000a\000t\000u\000r\000e\000\040\000R\000e\000v\000i\000e\000w}{}% 2
\BOOKMARK [2][-]{subsection.2.1}{\376\377\000C\000o\000l\000l\000e\000c\000t\000i\000n\000g\000\040\000D\000a\000t\000a\000\040\000o\000n\000\040\000t\000h\000e\000\040\000D\000i\000s\000t\000r\000i\000b\000u\000t\000i\000o\000n\000\040\000o\000f\000\040\000W\000e\000a\000l\000t\000h}{section.2}% 3
\BOOKMARK [2][-]{subsection.2.2}{\376\377\000E\000x\000p\000l\000a\000i\000n\000i\000n\000g\000\040\000I\000n\000e\000q\000u\000a\000l\000i\000t\000y\000\040\000i\000n\000\040\000t\000h\000e\000\040\000D\000i\000s\000t\000r\000i\000b\000u\000t\000i\000o\000n\000\040\000o\000f\000\040\000W\000e\000a\000l\000t\000h}{section.2}% 4
\BOOKMARK [2][-]{subsection.2.3}{\376\377\000M\000e\000a\000s\000u\000r\000e\000m\000e\000n\000t\000s\000\040\000o\000f\000\040\000h\000e\000t\000e\000r\000o\000g\000e\000n\000e\000o\000u\000s\000\040\000r\000a\000t\000e\000s\000\040\000o\000f\000\040\000r\000e\000t\000u\000r\000n}{section.2}% 5
\BOOKMARK [2][-]{subsection.2.4}{\376\377\000R\000e\000c\000e\000n\000t\000\040\000H\000A\000\040\000m\000o\000d\000e\000l\000s\000\040\000w\000i\000t\000h\000\040\000h\000e\000t\000e\000r\000o\000g\000e\000n\000e\000o\000u\000s\000\040\000r\000a\000t\000e\000s\000\040\000o\000f\000\040\000r\000e\000t\000u\000r\000n}{section.2}% 6
\BOOKMARK [2][-]{subsection.2.5}{\376\377\000M\000y\000\040\000c\000o\000n\000t\000r\000i\000b\000u\000t\000i\000o\000n\000s}{section.2}% 7
\BOOKMARK [1][-]{section.3}{\376\377\000M\000e\000c\000h\000a\000n\000i\000s\000m\000\040\000f\000o\000r\000\040\000r\000e\000t\000u\000r\000n\000s\000\040\000h\000e\000t\000e\000r\000o\000g\000e\000n\000e\000i\000t\000y}{}% 8
\BOOKMARK [2][-]{subsection.3.1}{\376\377\000D\000e\000p\000o\000s\000i\000t\000\040\000r\000a\000t\000e\000s\000\040\000a\000n\000d\000\040\000t\000h\000e\000\040\000s\000e\000n\000s\000i\000t\000i\000t\000y\000\040\000o\000f\000\040\000d\000e\000p\000o\000s\000i\000t\000\040\000l\000e\000v\000e\000l\000s\000\040\000t\000o\000\040\000c\000h\000a\000n\000g\000e\000s\000\040\000i\000n\000\040\000t\000h\000e\000\040\000m\000a\000r\000k\000e\000t\000\040\000i\000n\000t\000e\000r\000e\000s\000t\000\040\000r\000a\000t\000e}{section.3}% 9
\BOOKMARK [1][-]{section.4}{\376\377\000M\000o\000d\000e\000l}{}% 10
\BOOKMARK [2][-]{subsection.4.1}{\376\377\000B\000a\000n\000k\000i\000n\000g\000\040\000s\000e\000c\000t\000o\000r}{section.4}% 11
\BOOKMARK [3][-]{subsubsection.4.1.1}{\376\377\000D\000e\000c\000i\000s\000i\000o\000n\000\040\000p\000r\000o\000b\000l\000e\000m\000\040\000f\000o\000r\000\040\000b\000a\000n\000k\000s\000\040\000a\000c\000c\000e\000p\000t\000i\000n\000g\000\040\000f\000o\000r\000e\000i\000g\000n\000\040\000d\000e\000p\000o\000s\000i\000t\000s}{subsection.4.1}% 12
\BOOKMARK [2][-]{subsection.4.2}{\376\377\000H\000o\000u\000s\000e\000h\000o\000l\000d\000s}{section.4}% 13
\BOOKMARK [3][-]{subsubsection.4.2.1}{\376\377\000D\000e\000f\000i\000n\000i\000n\000g\000\040\000t\000h\000e\000\040\000s\000t\000o\000c\000h\000a\000s\000t\000i\000c\000\040\000i\000n\000c\000o\000m\000e\000\040\000p\000r\000o\000c\000e\000s\000s}{subsection.4.2}% 14
\BOOKMARK [3][-]{subsubsection.4.2.2}{\376\377\000D\000e\000c\000i\000s\000i\000o\000n\000\040\000p\000r\000o\000b\000l\000e\000m\000\040\000f\000o\000r\000\040\000h\000o\000u\000s\000e\000h\000o\000l\000d\000s}{subsection.4.2}% 15
\BOOKMARK [1][-]{section.5}{\376\377\000R\000e\000s\000u\000l\000t\000s}{}% 16
\BOOKMARK [2][-]{subsubsection.5.0.1}{\376\377\000T\000h\000e\000\040\000m\000o\000d\000e\000l\000\040\000w\000i\000t\000h\000\040\000n\000o\000\040\000r\000e\000t\000u\000r\000n\000s\000\040\000h\000e\000t\000e\000r\000o\000g\000e\000n\000e\000i\000t\000y}{section.5}% 17
\BOOKMARK [3][-]{subsubsection.5.0.2}{\376\377\000I\000n\000c\000o\000r\000p\000o\000r\000a\000t\000i\000n\000g\000\040\000h\000e\000t\000e\000r\000o\000g\000e\000n\000e\000o\000u\000s\000\040\000r\000e\000t\000u\000r\000n\000s}{subsubsection.5.0.1}% 18
\BOOKMARK [3][-]{subsubsection.5.0.3}{\376\377\000T\000h\000e\000\040\000i\000m\000p\000l\000i\000e\000d\000\040\000d\000i\000s\000t\000r\000i\000b\000u\000t\000i\000o\000n\000\040\000o\000f\000\040\000b\000a\000n\000k\000\040\000h\000e\000t\000e\000r\000o\000g\000e\000n\000e\000i\000t\000y}{subsubsection.5.0.1}% 19
\BOOKMARK [2][-]{subsection.5.1}{\376\377\000I\000n\000c\000o\000r\000p\000o\000r\000a\000t\000i\000n\000g\000\040\000l\000i\000f\000e\000\040\000c\000y\000c\000l\000e\000\040\000d\000y\000n\000a\000m\000i\000c\000s\000\040\000i\000n\000t\000o\000\040\000t\000h\000e\000\040\000m\000o\000d\000e\000l}{section.5}% 20
\BOOKMARK [2][-]{subsection.5.2}{\376\377\000A\000s\000s\000e\000s\000s\000i\000n\000g\000\040\000m\000o\000d\000e\000l\000\040\000p\000e\000r\000f\000o\000r\000m\000a\000n\000c\000e}{section.5}% 21
\BOOKMARK [3][-]{subsubsection.5.2.1}{\376\377\000I\000n\000t\000e\000r\000p\000r\000e\000t\000i\000n\000g\000\040\000t\000h\000e\000\040\000i\000m\000p\000l\000i\000e\000d\000\040\000d\000i\000s\000t\000r\000i\000b\000u\000t\000i\000o\000n\000\040\000o\000f\000\040\000e\000l\000a\000s\000t\000i\000c\000i\000t\000i\000e\000s}{subsection.5.2}% 22
\BOOKMARK [3][-]{subsubsection.5.2.2}{\376\377\000U\000n\000t\000a\000r\000g\000e\000t\000e\000d\000\040\000m\000o\000m\000e\000n\000t\000s}{subsection.5.2}% 23
\BOOKMARK [1][-]{section.6}{\376\377\000C\000o\000n\000c\000l\000u\000s\000i\000o\000n}{}% 24
\BOOKMARK [1][-]{section*.9}{\376\377\000A\000p\000p\000e\000n\000d\000i\000x}{}% 25
\BOOKMARK [1][-]{appendix.A}{\376\377\000R\000e\000s\000u\000l\000t\000s\000\040\000f\000r\000o\000m\000\040\0002\0000\0000\0007\000\040\000w\000e\000a\000l\000t\000h\000\040\000d\000a\000t\000a}{}% 26
\BOOKMARK [2][-]{subsection.A.1}{\376\377\000E\000s\000t\000i\000m\000a\000t\000e\000d\000\040\000d\000i\000s\000t\000r\000i\000b\000u\000t\000i\000o\000n\000\040\000o\000f\000\040\000r\000e\000t\000u\000r\000n\000s}{appendix.A}% 27
\BOOKMARK [2][-]{subsection.A.2}{\376\377\000I\000m\000p\000l\000i\000e\000d\000\040\000e\000l\000a\000s\000t\000i\000c\000i\000t\000i\000e\000s}{appendix.A}% 28
\BOOKMARK [2][-]{subsection.A.3}{\376\377\000U\000n\000t\000a\000r\000g\000e\000t\000e\000d\000\040\000m\000o\000m\000e\000n\000t\000s}{appendix.A}% 29
\BOOKMARK [1][-]{appendix.B}{\376\377\000R\000e\000s\000u\000l\000t\000s\000\040\000f\000r\000o\000m\000\040\0002\0000\0001\0000\000\040\000w\000e\000a\000l\000t\000h\000\040\000d\000a\000t\000a}{}% 30
\BOOKMARK [2][-]{subsection.B.1}{\376\377\000E\000s\000t\000i\000m\000a\000t\000e\000d\000\040\000d\000i\000s\000t\000r\000i\000b\000u\000t\000i\000o\000n\000\040\000o\000f\000\040\000r\000e\000t\000u\000r\000n\000s}{appendix.B}% 31
\BOOKMARK [2][-]{subsection.B.2}{\376\377\000I\000m\000p\000l\000i\000e\000d\000\040\000e\000l\000a\000s\000t\000i\000c\000i\000t\000i\000e\000s}{appendix.B}% 32
\BOOKMARK [2][-]{subsection.B.3}{\376\377\000U\000n\000t\000a\000r\000g\000e\000t\000e\000d\000\040\000m\000o\000m\000e\000n\000t\000s}{appendix.B}% 33
\BOOKMARK [1][-]{appendix.C}{\376\377\000R\000e\000s\000u\000l\000t\000s\000\040\000f\000r\000o\000m\000\040\0002\0000\0001\0003\000\040\000w\000e\000a\000l\000t\000h\000\040\000d\000a\000t\000a}{}% 34
\BOOKMARK [2][-]{subsection.C.1}{\376\377\000E\000s\000t\000i\000m\000a\000t\000e\000d\000\040\000d\000i\000s\000t\000r\000i\000b\000u\000t\000i\000o\000n\000\040\000o\000f\000\040\000r\000e\000t\000u\000r\000n\000s}{appendix.C}% 35
\BOOKMARK [2][-]{subsection.C.2}{\376\377\000I\000m\000p\000l\000i\000e\000d\000\040\000e\000l\000a\000s\000t\000i\000c\000i\000t\000i\000e\000s}{appendix.C}% 36
\BOOKMARK [2][-]{subsection.C.3}{\376\377\000U\000n\000t\000a\000r\000g\000e\000t\000e\000d\000\040\000m\000o\000m\000e\000n\000t\000s}{appendix.C}% 37
\BOOKMARK [1][-]{appendix.D}{\376\377\000R\000e\000s\000u\000l\000t\000s\000\040\000f\000r\000o\000m\000\040\0002\0000\0001\0006\000\040\000w\000e\000a\000l\000t\000h\000\040\000d\000a\000t\000a}{}% 38
\BOOKMARK [2][-]{subsection.D.1}{\376\377\000E\000s\000t\000i\000m\000a\000t\000e\000d\000\040\000d\000i\000s\000t\000r\000i\000b\000u\000t\000i\000o\000n\000\040\000o\000f\000\040\000r\000e\000t\000u\000r\000n\000s}{appendix.D}% 39
\BOOKMARK [2][-]{subsection.D.2}{\376\377\000I\000m\000p\000l\000i\000e\000d\000\040\000e\000l\000a\000s\000t\000i\000c\000i\000t\000i\000e\000s}{appendix.D}% 40
\BOOKMARK [2][-]{subsection.D.3}{\376\377\000U\000n\000t\000a\000r\000g\000e\000t\000e\000d\000\040\000m\000o\000m\000e\000n\000t\000s}{appendix.D}% 41
\BOOKMARK [1][-]{appendix.E}{\376\377\000R\000e\000s\000u\000l\000t\000s\000\040\000f\000r\000o\000m\000\040\0002\0000\0001\0009\000\040\000w\000e\000a\000l\000t\000h\000\040\000d\000a\000t\000a}{}% 42
\BOOKMARK [2][-]{subsection.E.1}{\376\377\000E\000s\000t\000i\000m\000a\000t\000e\000d\000\040\000d\000i\000s\000t\000r\000i\000b\000u\000t\000i\000o\000n\000\040\000o\000f\000\040\000r\000e\000t\000u\000r\000n\000s}{appendix.E}% 43
\BOOKMARK [2][-]{subsection.E.2}{\376\377\000I\000m\000p\000l\000i\000e\000d\000\040\000e\000l\000a\000s\000t\000i\000c\000i\000t\000i\000e\000s}{appendix.E}% 44
\BOOKMARK [2][-]{subsection.E.3}{\376\377\000U\000n\000t\000a\000r\000g\000e\000t\000e\000d\000\040\000m\000o\000m\000e\000n\000t\000s}{appendix.E}% 45
